<?xml version="1.0" encoding="UTF-8"?>
<testng-results skipped="0" failed="0" ignored="0" total="1" passed="1">
  <reporter-output>
  </reporter-output>
  <suite name="InetBankingV" duration-ms="12127" started-at="2020-04-02T06:15:13Z" finished-at="2020-04-02T06:15:25Z">
    <groups>
    </groups>
    <test name="BankingApp Test" duration-ms="12127" started-at="2020-04-02T06:15:13Z" finished-at="2020-04-02T06:15:25Z">
      <class name="com.inetbanking.TestCases.TC_LoginTest_001">
        <test-method status="PASS" signature="setUp(java.lang.String)[pri:0, instance:com.inetbanking.TestCases.TC_LoginTest_001@511baa65]" name="setUp" is-config="true" duration-ms="8934" started-at="2020-04-02T06:15:13Z" finished-at="2020-04-02T06:15:22Z">
          <params>
            <param index="0">
              <value>
                <![CDATA[chrome]]>
              </value>
            </param>
          </params>
          <reporter-output>
          </reporter-output>
        </test-method> <!-- setUp -->
        <test-method status="PASS" signature="LoginTest()[pri:0, instance:com.inetbanking.TestCases.TC_LoginTest_001@511baa65]" name="LoginTest" duration-ms="2165" started-at="2020-04-02T06:15:22Z" finished-at="2020-04-02T06:15:24Z">
          <reporter-output>
          </reporter-output>
        </test-method> <!-- LoginTest -->
        <test-method status="PASS" signature="tearDown()[pri:0, instance:com.inetbanking.TestCases.TC_LoginTest_001@511baa65]" name="tearDown" is-config="true" duration-ms="738" started-at="2020-04-02T06:15:24Z" finished-at="2020-04-02T06:15:25Z">
          <reporter-output>
          </reporter-output>
        </test-method> <!-- tearDown -->
      </class> <!-- com.inetbanking.TestCases.TC_LoginTest_001 -->
    </test> <!-- BankingApp Test -->
  </suite> <!-- InetBankingV -->
</testng-results>
